<?xml version="1.0" encoding="UTF-8"?>
<!-- Generated by org.testng.reporters.JUnitReportReporter -->
<testsuite skipped="0" hostname="Rajus-MacBook-Pro-2.local" name="Product.ProductTests" tests="7" failures="0" timestamp="08 Dec 2019 20:46:32 GMT" time="0.005" errors="0">
  <testcase name="checkProductInterest" time="0.000" classname="Product.ProductTests"/>
  <testcase name="setProductQualificationToFalse" time="0.001" classname="Product.ProductTests"/>
  <testcase name="checkLongProductName" time="0.001" classname="Product.ProductTests"/>
  <testcase name="checkProduct" time="0.001" classname="Product.ProductTests"/>
  <testcase name="checkProductSpecialInterest" time="0.000" classname="Product.ProductTests"/>
  <testcase name="checkSpecialCharacterProductName" time="0.001" classname="Product.ProductTests"/>
  <testcase name="setProductQualificationToTrue" time="0.001" classname="Product.ProductTests"/>
</testsuite> <!-- Product.ProductTests -->
