<?xml version="1.0" encoding="UTF-8"?>
<!-- Generated by org.testng.reporters.JUnitReportReporter -->
<testsuite skipped="0" hostname="Rajus-MacBook-Pro-2.local" name="RuleEngine.RuleEngineTests" tests="10" failures="0" timestamp="08 Dec 2019 20:46:32 GMT" time="0.069" errors="0">
  <testcase name="verifyWithSpecialProductRateForDifferentProductRate" time="0.024" classname="RuleEngine.RuleEngineTests"/>
  <testcase name="verifyWithSpecialProductRate" time="0.006" classname="RuleEngine.RuleEngineTests"/>
  <testcase name="verifyWithSpecialProductRateWithMediumCreditScore" time="0.002" classname="RuleEngine.RuleEngineTests"/>
  <testcase name="verifyWithoutSpecialProductRate" time="0.002" classname="RuleEngine.RuleEngineTests"/>
  <testcase name="verifyWithSpecialProductRateWithExceedingMaxCreditScore" time="0.002" classname="RuleEngine.RuleEngineTests"/>
  <testcase name="verifyWithSpecialProductRateWithLowCreditScore" time="0.003" classname="RuleEngine.RuleEngineTests"/>
  <testcase name="verifyWithSpecialProductRateWithMaximumCreditScore" time="0.002" classname="RuleEngine.RuleEngineTests"/>
  <testcase name="verifyWithSpecialProductRateWithNegetiveCreditScore" time="0.002" classname="RuleEngine.RuleEngineTests"/>
  <testcase name="verifyProductionAvailabilityTrue" time="0.002" classname="RuleEngine.RuleEngineTests"/>
  <testcase name="verifyProductionAvailabilityFalse" time="0.024" classname="RuleEngine.RuleEngineTests"/>
</testsuite> <!-- RuleEngine.RuleEngineTests -->
