<?xml version="1.0" encoding="UTF-8"?>
<!-- Generated by org.testng.reporters.JUnitReportReporter -->
<testsuite skipped="0" hostname="Rajus-MacBook-Pro-2.local" name="Person.PersonTests" tests="6" failures="0" timestamp="08 Dec 2019 20:46:32 GMT" time="0.017" errors="0">
  <testcase name="checkScore" time="0.001" classname="Person.PersonTests"/>
  <testcase name="checkLongState" time="0.001" classname="Person.PersonTests"/>
  <testcase name="setState" time="0.001" classname="Person.PersonTests"/>
  <testcase name="setCreditScore" time="0.006" classname="Person.PersonTests"/>
  <testcase name="checkState" time="0.006" classname="Person.PersonTests"/>
  <testcase name="checkSpecialCharacterInput" time="0.002" classname="Person.PersonTests"/>
</testsuite> <!-- Person.PersonTests -->
